<?xml version="1.0" encoding="UTF-8"?>
<testsuites>
  <testsuite name="Performing_a_Yahoo_Search" timestamp="2019-11-06T12:51:11" time="20.915" tests="0" failures="0" errors="0" skipped="0">
    <properties>
      <property name="specId" value="0"/>
      <property name="suiteName" value="Performing a Yahoo Search"/>
      <property name="capabilities" value="chrome.78_0_3904_87.macosx"/>
      <property name="file" value="./test/features/yahoo-search.feature"/>
    </properties>
  </testsuite>
  <testsuite name="Performing_a_search_operation" timestamp="2019-11-06T12:51:11" time="8.34" tests="4" failures="0" errors="0" skipped="0">
    <properties>
      <property name="specId" value="0"/>
      <property name="suiteName" value="Performing a search operation"/>
      <property name="capabilities" value="chrome.78_0_3904_87.macosx"/>
      <property name="file" value="./test/features/yahoo-search.feature"/>
    </properties>
    <testcase classname="chrome.78_0_3904_87.macosx.Performing_a_search_operation" name="Given_I_am_on_the_search_page" time="5.297"/>
    <testcase classname="chrome.78_0_3904_87.macosx.Performing_a_search_operation" name="When_I_enter_Selenium_Webdriver_into_the_search_box" time="1.222"/>
    <testcase classname="chrome.78_0_3904_87.macosx.Performing_a_search_operation" name="And_I_click_the_search_button" time="1.769"/>
    <testcase classname="chrome.78_0_3904_87.macosx.Performing_a_search_operation" name="Then_I_should_see_a_list_of_search_results" time="0.047"/>
  </testsuite>
  <testsuite name="Performing_a_search_operation_with_passing_test_data_as_data_table" timestamp="2019-11-06T12:51:20" time="12.51" tests="4" failures="0" errors="0" skipped="0">
    <properties>
      <property name="specId" value="0"/>
      <property name="suiteName" value="Performing a search operation with passing test data as data table"/>
      <property name="capabilities" value="chrome.78_0_3904_87.macosx"/>
      <property name="file" value="./test/features/yahoo-search.feature"/>
    </properties>
    <testcase classname="chrome.78_0_3904_87.macosx.Performing_a_search_operation_with_passing_test_data_as_data_table" name="Given_I_am_on_the_search_page" time="10.05"/>
    <testcase classname="chrome.78_0_3904_87.macosx.Performing_a_search_operation_with_passing_test_data_as_data_table" name="When_I_enter_Selenium_Webdriver_into_the_search_box" time="1.166"/>
    <testcase classname="chrome.78_0_3904_87.macosx.Performing_a_search_operation_with_passing_test_data_as_data_table" name="And_I_click_the_search_button" time="1.139"/>
    <testcase classname="chrome.78_0_3904_87.macosx.Performing_a_search_operation_with_passing_test_data_as_data_table" name="Then_I_should_see_a_list_of_search_results" time="0.153"/>
  </testsuite>
</testsuites>